0 info it worked if it ends with ok
1 verbose cli [ '/usr/local/bin/node', '/usr/local/bin/npm', 'i', '-g', 'bower' ]
2 info using npm@3.10.9
3 info using node@v6.4.0
4 silly loadCurrentTree Starting
5 silly install loadCurrentTree
6 silly install readGlobalPackageData
7 silly fetchPackageMetaData bower
8 silly fetchNamedPackageData bower
9 silly mapToRegistry name bower
10 silly mapToRegistry using default registry
11 silly mapToRegistry registry https://registry.npmjs.org/
12 silly mapToRegistry data Result {
12 silly mapToRegistry   raw: 'bower',
12 silly mapToRegistry   scope: null,
12 silly mapToRegistry   escapedName: 'bower',
12 silly mapToRegistry   name: 'bower',
12 silly mapToRegistry   rawSpec: '',
12 silly mapToRegistry   spec: 'latest',
12 silly mapToRegistry   type: 'tag' }
13 silly mapToRegistry uri https://registry.npmjs.org/bower
14 verbose request uri https://registry.npmjs.org/bower
15 verbose request no auth needed
16 info attempt registry request try #1 at 19:03:42
17 verbose request id b27049e79d1779d5
18 verbose etag "8IVDWHJRREN45CW9GXLV8Y5YA"
19 http request GET https://registry.npmjs.org/bower
20 http 200 https://registry.npmjs.org/bower
21 verbose headers { server: 'nginx/1.10.1',
21 verbose headers   'content-type': 'application/json',
21 verbose headers   'last-modified': 'Mon, 14 Nov 2016 07:24:49 GMT',
21 verbose headers   etag: 'W/"582966c1-2ab4e"',
21 verbose headers   'content-encoding': 'gzip',
21 verbose headers   'cache-control': 'max-age=300',
21 verbose headers   'content-length': '16213',
21 verbose headers   'accept-ranges': 'bytes',
21 verbose headers   date: 'Wed, 16 Nov 2016 23:33:42 GMT',
21 verbose headers   via: '1.1 varnish',
21 verbose headers   age: '203',
21 verbose headers   connection: 'keep-alive',
21 verbose headers   'x-served-by': 'cache-iad2143-IAD',
21 verbose headers   'x-cache': 'HIT',
21 verbose headers   'x-cache-hits': '3',
21 verbose headers   'x-timer': 'S1479339222.812859,VS0,VE0',
21 verbose headers   vary: 'Accept-Encoding' }
22 silly get cb [ 200,
22 silly get   { server: 'nginx/1.10.1',
22 silly get     'content-type': 'application/json',
22 silly get     'last-modified': 'Mon, 14 Nov 2016 07:24:49 GMT',
22 silly get     etag: 'W/"582966c1-2ab4e"',
22 silly get     'content-encoding': 'gzip',
22 silly get     'cache-control': 'max-age=300',
22 silly get     'content-length': '16213',
22 silly get     'accept-ranges': 'bytes',
22 silly get     date: 'Wed, 16 Nov 2016 23:33:42 GMT',
22 silly get     via: '1.1 varnish',
22 silly get     age: '203',
22 silly get     connection: 'keep-alive',
22 silly get     'x-served-by': 'cache-iad2143-IAD',
22 silly get     'x-cache': 'HIT',
22 silly get     'x-cache-hits': '3',
22 silly get     'x-timer': 'S1479339222.812859,VS0,VE0',
22 silly get     vary: 'Accept-Encoding' } ]
23 verbose get saving bower to /home/gerardo/.npm/registry.npmjs.org/bower/.cache.json
24 verbose correctMkdir /home/gerardo/.npm correctMkdir not in flight; initializing
25 silly install normalizeTree
26 silly loadCurrentTree Finishing
27 silly loadIdealTree Starting
28 silly install loadIdealTree
29 silly cloneCurrentTree Starting
30 silly install cloneCurrentTreeToIdealTree
31 silly cloneCurrentTree Finishing
32 silly loadShrinkwrap Starting
33 silly install loadShrinkwrap
34 silly loadShrinkwrap Finishing
35 silly loadAllDepsIntoIdealTree Starting
36 silly install loadAllDepsIntoIdealTree
37 silly resolveWithNewModule bower@1.8.0 checking installable status
38 silly cache add args [ 'bower', null ]
39 verbose cache add spec bower
40 silly cache add parsed spec Result {
40 silly cache add   raw: 'bower',
40 silly cache add   scope: null,
40 silly cache add   escapedName: 'bower',
40 silly cache add   name: 'bower',
40 silly cache add   rawSpec: '',
40 silly cache add   spec: 'latest',
40 silly cache add   type: 'tag' }
41 silly addNamed bower@latest
42 verbose addNamed "latest" is being treated as a dist-tag for bower
43 info addNameTag [ 'bower', 'latest' ]
44 silly mapToRegistry name bower
45 silly mapToRegistry using default registry
46 silly mapToRegistry registry https://registry.npmjs.org/
47 silly mapToRegistry data Result {
47 silly mapToRegistry   raw: 'bower',
47 silly mapToRegistry   scope: null,
47 silly mapToRegistry   escapedName: 'bower',
47 silly mapToRegistry   name: 'bower',
47 silly mapToRegistry   rawSpec: '',
47 silly mapToRegistry   spec: 'latest',
47 silly mapToRegistry   type: 'tag' }
48 silly mapToRegistry uri https://registry.npmjs.org/bower
49 verbose addNameTag registry:https://registry.npmjs.org/bower not in flight; fetching
50 verbose get https://registry.npmjs.org/bower not expired, no request
51 silly addNameTag next cb for bower with tag latest
52 silly addNamed bower@1.8.0
53 verbose addNamed "1.8.0" is a plain semver version for bower
54 silly mapToRegistry name bower
55 silly mapToRegistry using default registry
56 silly mapToRegistry registry https://registry.npmjs.org/
57 silly mapToRegistry data Result {
57 silly mapToRegistry   raw: 'bower',
57 silly mapToRegistry   scope: null,
57 silly mapToRegistry   escapedName: 'bower',
57 silly mapToRegistry   name: 'bower',
57 silly mapToRegistry   rawSpec: '',
57 silly mapToRegistry   spec: 'latest',
57 silly mapToRegistry   type: 'tag' }
58 silly mapToRegistry uri https://registry.npmjs.org/bower
59 verbose addRemoteTarball https://registry.npmjs.org/bower/-/bower-1.8.0.tgz not in flight; adding
60 verbose addRemoteTarball [ 'https://registry.npmjs.org/bower/-/bower-1.8.0.tgz',
60 verbose addRemoteTarball   '55dbebef0ad9155382d9e9d3e497c1372345b44a' ]
61 info retry fetch attempt 1 at 19:03:43
62 info attempt registry request try #1 at 19:03:43
63 http fetch GET https://registry.npmjs.org/bower/-/bower-1.8.0.tgz
64 http fetch 200 https://registry.npmjs.org/bower/-/bower-1.8.0.tgz
65 silly fetchAndShaCheck shasum 55dbebef0ad9155382d9e9d3e497c1372345b44a
66 verbose addTmpTarball /tmp/npm-4211-79f9a130/registry.npmjs.org/bower/-/bower-1.8.0.tgz not in flight; adding
67 verbose addTmpTarball already have metadata; skipping unpack for bower@1.8.0
68 verbose correctMkdir /home/gerardo/.npm correctMkdir not in flight; initializing
69 silly cache afterAdd bower@1.8.0
70 verbose afterAdd /home/gerardo/.npm/bower/1.8.0/package/package.json not in flight; writing
71 verbose correctMkdir /home/gerardo/.npm correctMkdir not in flight; initializing
72 verbose afterAdd /home/gerardo/.npm/bower/1.8.0/package/package.json written
73 silly loadAllDepsIntoIdealTree Finishing
74 silly loadIdealTree Finishing
75 silly currentTree lib
76 silly idealTree lib
76 silly idealTree └── bower@1.8.0
77 silly generateActionsToTake Starting
78 silly install generateActionsToTake
79 warn checkPermissions Missing write access to /usr/local/lib/node_modules
80 silly rollbackFailedOptional Starting
81 silly rollbackFailedOptional Finishing
82 silly runTopLevelLifecycles Finishing
83 silly install printInstalled
84 verbose stack Error: EACCES: permission denied, access '/usr/local/lib/node_modules'
84 verbose stack     at Error (native)
85 verbose cwd /home/gerardo/DevTeam/axpress-ios
86 error Linux 4.4.0-47-generic
87 error argv "/usr/local/bin/node" "/usr/local/bin/npm" "i" "-g" "bower"
88 error node v6.4.0
89 error npm  v3.10.9
90 error path /usr/local/lib/node_modules
91 error code EACCES
92 error errno -13
93 error syscall access
94 error Error: EACCES: permission denied, access '/usr/local/lib/node_modules'
94 error     at Error (native)
94 error  { Error: EACCES: permission denied, access '/usr/local/lib/node_modules'
94 error     at Error (native)
94 error   errno: -13,
94 error   code: 'EACCES',
94 error   syscall: 'access',
94 error   path: '/usr/local/lib/node_modules' }
95 error Please try running this command again as root/Administrator.
96 verbose exit [ -13, true ]
